# JRE version: OpenJDK Runtime Environment Temurin-21.0.8+9 (21.0.8+9) (build 21.0.8+9-LTS)
# Java VM: OpenJDK 64-Bit Server VM Temurin-21.0.8+9 (21.0.8+9-LTS, mixed mode, sharing, tiered, compressed oops, compressed class ptrs, parallel gc, windows-amd64)
GC Precious Log:
 CardTable entry size: 512
 CPUs: 12 total, 12 available
 Memory: 16108M
 Large Page Support: Disabled
 NUMA Support: Disabled
 Compressed Oops: Enabled (32-bit)
 Alignments: Space 512K, Generation 512K, Heap 2M
 Heap Min Capacity: 100M
 Heap Initial Capacity: 100M
 Heap Max Capacity: 2G
 Pre-touch: Disabled
 Parallel Workers: 10
Heap:
 PSYoungGen      total 4608K, used 1215K [0x00000000d5580000, 0x00000000d5a80000, 0x0000000100000000)
  eden space 4096K, 21% used [0x00000000d5580000,0x00000000d565fc10,0x00000000d5980000)
  from space 512K, 62% used [0x00000000d5a00000,0x00000000d5a50000,0x00000000d5a80000)
  to   space 512K, 0% used [0x00000000d5980000,0x00000000d5980000,0x00000000d5a00000)
 ParOldGen       total 408576K, used 408246K [0x0000000080000000, 0x0000000098f00000, 0x00000000d5580000)
  object space 408576K, 99% used [0x0000000080000000,0x0000000098eadbe8,0x0000000098f00000)
 Metaspace       used 74369K, committed 75968K, reserved 1179648K
  class space    used 8357K, committed 9088K, reserved 1048576K
GC Heap History (20 events):
Event: 79.441 GC heap after
{Heap after GC invocations=1065 (full 3):
 PSYoungGen      total 3584K, used 160K [0x00000000d5580000, 0x00000000d5980000, 0x0000000100000000)
  eden space 3072K, 0% used [0x00000000d5580000,0x00000000d5580000,0x00000000d5880000)
  from space 512K, 31% used [0x00000000d5900000,0x00000000d5928000,0x00000000d5980000)
  to   space 512K, 0% used [0x00000000d5880000,0x00000000d5880000,0x00000000d5900000)
 ParOldGen       total 400896K, used 400505K [0x0000000080000000, 0x0000000098780000, 0x00000000d5580000)
  object space 400896K, 99% used [0x0000000080000000,0x000000009871e5c0,0x0000000098780000)
 Metaspace       used 74293K, committed 75904K, reserved 1179648K
  class space    used 8355K, committed 9088K, reserved 1048576K
}
Event: 79.445 GC heap before
{Heap before GC invocations=1066 (full 3):
 PSYoungGen      total 3584K, used 3232K [0x00000000d5580000, 0x00000000d5980000, 0x0000000100000000)
  eden space 3072K, 100% used [0x00000000d5580000,0x00000000d5880000,0x00000000d5880000)
  from space 512K, 31% used [0x00000000d5900000,0x00000000d5928000,0x00000000d5980000)
  to   space 512K, 0% used [0x00000000d5880000,0x00000000d5880000,0x00000000d5900000)
 ParOldGen       total 400896K, used 400505K [0x0000000080000000, 0x0000000098780000, 0x00000000d5580000)
  object space 400896K, 99% used [0x0000000080000000,0x000000009871e5c0,0x0000000098780000)
 Metaspace       used 74298K, committed 75904K, reserved 1179648K
  class space    used 8356K, committed 9088K, reserved 1048576K
}
Event: 79.446 GC heap after
{Heap after GC invocations=1066 (full 3):
 PSYoungGen      total 3584K, used 256K [0x00000000d5580000, 0x00000000d5a80000, 0x0000000100000000)
  eden space 3072K, 0% used [0x00000000d5580000,0x00000000d5580000,0x00000000d5880000)
  from space 512K, 50% used [0x00000000d5880000,0x00000000d58c0000,0x00000000d5900000)
  to   space 512K, 0% used [0x00000000d5a00000,0x00000000d5a00000,0x00000000d5a80000)
 ParOldGen       total 400896K, used 400545K [0x0000000080000000, 0x0000000098780000, 0x00000000d5580000)
  object space 400896K, 99% used [0x0000000080000000,0x00000000987285c0,0x0000000098780000)
 Metaspace       used 74298K, committed 75904K, reserved 1179648K
  class space    used 8356K, committed 9088K, reserved 1048576K
}
Event: 79.468 GC heap before
{Heap before GC invocations=1067 (full 3):
 PSYoungGen      total 3584K, used 3328K [0x00000000d5580000, 0x00000000d5a80000, 0x0000000100000000)
  eden space 3072K, 100% used [0x00000000d5580000,0x00000000d5880000,0x00000000d5880000)
  from space 512K, 50% used [0x00000000d5880000,0x00000000d58c0000,0x00000000d5900000)
  to   space 512K, 0% used [0x00000000d5a00000,0x00000000d5a00000,0x00000000d5a80000)
 ParOldGen       total 400896K, used 400545K [0x0000000080000000, 0x0000000098780000, 0x00000000d5580000)
  object space 400896K, 99% used [0x0000000080000000,0x00000000987285c0,0x0000000098780000)
 Metaspace       used 74305K, committed 75904K, reserved 1179648K
  class space    used 8357K, committed 9088K, reserved 1048576K
}
Event: 79.471 GC heap after
{Heap after GC invocations=1067 (full 3):
 PSYoungGen      total 3072K, used 512K [0x00000000d5580000, 0x00000000d5d80000, 0x0000000100000000)
  eden space 2560K, 0% used [0x00000000d5580000,0x00000000d5580000,0x00000000d5800000)
  from space 512K, 100% used [0x00000000d5a00000,0x00000000d5a80000,0x00000000d5a80000)
  to   space 2048K, 0% used [0x00000000d5800000,0x00000000d5800000,0x00000000d5a00000)
 ParOldGen       total 401920K, used 401682K [0x0000000080000000, 0x0000000098880000, 0x00000000d5580000)
  object space 401920K, 99% used [0x0000000080000000,0x0000000098844838,0x0000000098880000)
 Metaspace       used 74305K, committed 75904K, reserved 1179648K
  class space    used 8357K, committed 9088K, reserved 1048576K
}
Event: 79.560 GC heap before
{Heap before GC invocations=1068 (full 3):
 PSYoungGen      total 3072K, used 3072K [0x00000000d5580000, 0x00000000d5d80000, 0x0000000100000000)
  eden space 2560K, 100% used [0x00000000d5580000,0x00000000d5800000,0x00000000d5800000)
  from space 512K, 100% used [0x00000000d5a00000,0x00000000d5a80000,0x00000000d5a80000)
  to   space 2048K, 0% used [0x00000000d5800000,0x00000000d5800000,0x00000000d5a00000)
 ParOldGen       total 401920K, used 401682K [0x0000000080000000, 0x0000000098880000, 0x00000000d5580000)
  object space 401920K, 99% used [0x0000000080000000,0x0000000098844838,0x0000000098880000)
 Metaspace       used 74340K, committed 75904K, reserved 1179648K
  class space    used 8357K, committed 9088K, reserved 1048576K
}
Event: 79.563 GC heap after
{Heap after GC invocations=1068 (full 3):
 PSYoungGen      total 4096K, used 1302K [0x00000000d5580000, 0x00000000d5b00000, 0x0000000100000000)
  eden space 2560K, 0% used [0x00000000d5580000,0x00000000d5580000,0x00000000d5800000)
  from space 1536K, 84% used [0x00000000d5800000,0x00000000d5945940,0x00000000d5980000)
  to   space 1536K, 0% used [0x00000000d5980000,0x00000000d5980000,0x00000000d5b00000)
 ParOldGen       total 402432K, used 402234K [0x0000000080000000, 0x0000000098900000, 0x00000000d5580000)
  object space 402432K, 99% used [0x0000000080000000,0x00000000988ce838,0x0000000098900000)
 Metaspace       used 74340K, committed 75904K, reserved 1179648K
  class space    used 8357K, committed 9088K, reserved 1048576K
}
Event: 79.609 GC heap before
{Heap before GC invocations=1069 (full 3):
 PSYoungGen      total 4096K, used 3862K [0x00000000d5580000, 0x00000000d5b00000, 0x0000000100000000)
  eden space 2560K, 100% used [0x00000000d5580000,0x00000000d5800000,0x00000000d5800000)
  from space 1536K, 84% used [0x00000000d5800000,0x00000000d5945940,0x00000000d5980000)
  to   space 1536K, 0% used [0x00000000d5980000,0x00000000d5980000,0x00000000d5b00000)
 ParOldGen       total 402432K, used 402234K [0x0000000080000000, 0x0000000098900000, 0x00000000d5580000)
  object space 402432K, 99% used [0x0000000080000000,0x00000000988ce838,0x0000000098900000)
 Metaspace       used 74350K, committed 75904K, reserved 1179648K
  class space    used 8357K, committed 9088K, reserved 1048576K
}
Event: 79.614 GC heap after
{Heap after GC invocations=1069 (full 3):
 PSYoungGen      total 3584K, used 1504K [0x00000000d5580000, 0x00000000d5c00000, 0x0000000100000000)
  eden space 2048K, 0% used [0x00000000d5580000,0x00000000d5580000,0x00000000d5780000)
  from space 1536K, 97% used [0x00000000d5980000,0x00000000d5af8000,0x00000000d5b00000)
  to   space 2048K, 0% used [0x00000000d5780000,0x00000000d5780000,0x00000000d5980000)
 ParOldGen       total 403456K, used 403342K [0x0000000080000000, 0x0000000098a00000, 0x00000000d5580000)
  object space 403456K, 99% used [0x0000000080000000,0x00000000989e3ab8,0x0000000098a00000)
 Metaspace       used 74350K, committed 75904K, reserved 1179648K
  class space    used 8357K, committed 9088K, reserved 1048576K
}
Event: 79.629 GC heap before
{Heap before GC invocations=1070 (full 3):
 PSYoungGen      total 3584K, used 3552K [0x00000000d5580000, 0x00000000d5c00000, 0x0000000100000000)
  eden space 2048K, 100% used [0x00000000d5580000,0x00000000d5780000,0x00000000d5780000)
  from space 1536K, 97% used [0x00000000d5980000,0x00000000d5af8000,0x00000000d5b00000)
  to   space 2048K, 0% used [0x00000000d5780000,0x00000000d5780000,0x00000000d5980000)
 ParOldGen       total 403456K, used 403342K [0x0000000080000000, 0x0000000098a00000, 0x00000000d5580000)
  object space 403456K, 99% used [0x0000000080000000,0x00000000989e3ab8,0x0000000098a00000)
 Metaspace       used 74352K, committed 75904K, reserved 1179648K
  class space    used 8357K, committed 9088K, reserved 1048576K
}
Event: 79.634 GC heap after
{Heap after GC invocations=1070 (full 3):
 PSYoungGen      total 4096K, used 1536K [0x00000000d5580000, 0x00000000d5b80000, 0x0000000100000000)
  eden space 2048K, 0% used [0x00000000d5580000,0x00000000d5580000,0x00000000d5780000)
  from space 2048K, 75% used [0x00000000d5780000,0x00000000d5900000,0x00000000d5980000)
  to   space 2048K, 0% used [0x00000000d5980000,0x00000000d5980000,0x00000000d5b80000)
 ParOldGen       total 404992K, used 404734K [0x0000000080000000, 0x0000000098b80000, 0x00000000d5580000)
  object space 404992K, 99% used [0x0000000080000000,0x0000000098b3fab8,0x0000000098b80000)
 Metaspace       used 74352K, committed 75904K, reserved 1179648K
  class space    used 8357K, committed 9088K, reserved 1048576K
}
Event: 79.671 GC heap before
{Heap before GC invocations=1071 (full 3):
 PSYoungGen      total 4096K, used 3584K [0x00000000d5580000, 0x00000000d5b80000, 0x0000000100000000)
  eden space 2048K, 100% used [0x00000000d5580000,0x00000000d5780000,0x00000000d5780000)
  from space 2048K, 75% used [0x00000000d5780000,0x00000000d5900000,0x00000000d5980000)
  to   space 2048K, 0% used [0x00000000d5980000,0x00000000d5980000,0x00000000d5b80000)
 ParOldGen       total 404992K, used 404734K [0x0000000080000000, 0x0000000098b80000, 0x00000000d5580000)
  object space 404992K, 99% used [0x0000000080000000,0x0000000098b3fab8,0x0000000098b80000)
 Metaspace       used 74357K, committed 75904K, reserved 1179648K
  class space    used 8357K, committed 9088K, reserved 1048576K
}
Event: 80.674 GC heap after
{Heap after GC invocations=1071 (full 3):
 PSYoungGen      total 4096K, used 1184K [0x00000000d5580000, 0x00000000d5b00000, 0x0000000100000000)
  eden space 2560K, 0% used [0x00000000d5580000,0x00000000d5580000,0x00000000d5800000)
  from space 1536K, 77% used [0x00000000d5980000,0x00000000d5aa8000,0x00000000d5b00000)
  to   space 1536K, 0% used [0x00000000d5800000,0x00000000d5800000,0x00000000d5980000)
 ParOldGen       total 406528K, used 406190K [0x0000000080000000, 0x0000000098d00000, 0x00000000d5580000)
  object space 406528K, 99% used [0x0000000080000000,0x0000000098cabab8,0x0000000098d00000)
 Metaspace       used 74357K, committed 75904K, reserved 1179648K
  class space    used 8357K, committed 9088K, reserved 1048576K
}
Event: 80.742 GC heap before
{Heap before GC invocations=1072 (full 3):
 PSYoungGen      total 4096K, used 3744K [0x00000000d5580000, 0x00000000d5b00000, 0x0000000100000000)
  eden space 2560K, 100% used [0x00000000d5580000,0x00000000d5800000,0x00000000d5800000)
  from space 1536K, 77% used [0x00000000d5980000,0x00000000d5aa8000,0x00000000d5b00000)
  to   space 1536K, 0% used [0x00000000d5800000,0x00000000d5800000,0x00000000d5980000)
 ParOldGen       total 406528K, used 406190K [0x0000000080000000, 0x0000000098d00000, 0x00000000d5580000)
  object space 406528K, 99% used [0x0000000080000000,0x0000000098cabab8,0x0000000098d00000)
 Metaspace       used 74358K, committed 75904K, reserved 1179648K
  class space    used 8357K, committed 9088K, reserved 1048576K
}
Event: 81.745 GC heap after
{Heap after GC invocations=1072 (full 3):
 PSYoungGen      total 4096K, used 992K [0x00000000d5580000, 0x00000000d5b80000, 0x0000000100000000)
  eden space 2560K, 0% used [0x00000000d5580000,0x00000000d5580000,0x00000000d5800000)
  from space 1536K, 64% used [0x00000000d5800000,0x00000000d58f8000,0x00000000d5980000)
  to   space 1536K, 0% used [0x00000000d5a00000,0x00000000d5a00000,0x00000000d5b80000)
 ParOldGen       total 407552K, used 407246K [0x0000000080000000, 0x0000000098e00000, 0x00000000d5580000)
  object space 407552K, 99% used [0x0000000080000000,0x0000000098db3ab8,0x0000000098e00000)
 Metaspace       used 74358K, committed 75904K, reserved 1179648K
  class space    used 8357K, committed 9088K, reserved 1048576K
}
Event: 81.891 GC heap before
{Heap before GC invocations=1073 (full 3):
 PSYoungGen      total 4096K, used 3551K [0x00000000d5580000, 0x00000000d5b80000, 0x0000000100000000)
  eden space 2560K, 99% used [0x00000000d5580000,0x00000000d57fff40,0x00000000d5800000)
  from space 1536K, 64% used [0x00000000d5800000,0x00000000d58f8000,0x00000000d5980000)
  to   space 1536K, 0% used [0x00000000d5a00000,0x00000000d5a00000,0x00000000d5b80000)
 ParOldGen       total 407552K, used 407246K [0x0000000080000000, 0x0000000098e00000, 0x00000000d5580000)
  object space 407552K, 99% used [0x0000000080000000,0x0000000098db3ab8,0x0000000098e00000)
 Metaspace       used 74366K, committed 75968K, reserved 1179648K
  class space    used 8357K, committed 9088K, reserved 1048576K
}
Event: 81.892 GC heap after
{Heap after GC invocations=1073 (full 3):
 PSYoungGen      total 3584K, used 288K [0x00000000d5580000, 0x00000000d5a80000, 0x0000000100000000)
  eden space 3072K, 0% used [0x00000000d5580000,0x00000000d5580000,0x00000000d5880000)
  from space 512K, 56% used [0x00000000d5a00000,0x00000000d5a48000,0x00000000d5a80000)
  to   space 1024K, 0% used [0x00000000d5880000,0x00000000d5880000,0x00000000d5980000)
 ParOldGen       total 408576K, used 408078K [0x0000000080000000, 0x0000000098f00000, 0x00000000d5580000)
  object space 408576K, 99% used [0x0000000080000000,0x0000000098e83ac8,0x0000000098f00000)
 Metaspace       used 74366K, committed 75968K, reserved 1179648K
  class space    used 8357K, committed 9088K, reserved 1048576K
}
Event: 82.925 GC heap before
{Heap before GC invocations=1074 (full 3):
 PSYoungGen      total 3584K, used 3360K [0x00000000d5580000, 0x00000000d5a80000, 0x0000000100000000)
  eden space 3072K, 100% used [0x00000000d5580000,0x00000000d5880000,0x00000000d5880000)
  from space 512K, 56% used [0x00000000d5a00000,0x00000000d5a48000,0x00000000d5a80000)
  to   space 1024K, 0% used [0x00000000d5880000,0x00000000d5880000,0x00000000d5980000)
 ParOldGen       total 408576K, used 408078K [0x0000000080000000, 0x0000000098f00000, 0x00000000d5580000)
  object space 408576K, 99% used [0x0000000080000000,0x0000000098e83ac8,0x0000000098f00000)
 Metaspace       used 74366K, committed 75968K, reserved 1179648K
  class space    used 8357K, committed 9088K, reserved 1048576K
}
Event: 82.926 GC heap after
{Heap after GC invocations=1074 (full 3):
 PSYoungGen      total 4096K, used 256K [0x00000000d5580000, 0x00000000d5a80000, 0x0000000100000000)
  eden space 3072K, 0% used [0x00000000d5580000,0x00000000d5580000,0x00000000d5880000)
  from space 1024K, 25% used [0x00000000d5880000,0x00000000d58c0000,0x00000000d5980000)
  to   space 512K, 0% used [0x00000000d5a00000,0x00000000d5a00000,0x00000000d5a80000)
 ParOldGen       total 408576K, used 408174K [0x0000000080000000, 0x0000000098f00000, 0x00000000d5580000)
  object space 408576K, 99% used [0x0000000080000000,0x0000000098e9bbe8,0x0000000098f00000)
 Metaspace       used 74366K, committed 75968K, reserved 1179648K
  class space    used 8357K, committed 9088K, reserved 1048576K
}
Event: 83.160 GC heap before
{Heap before GC invocations=1075 (full 3):
 PSYoungGen      total 4096K, used 3327K [0x00000000d5580000, 0x00000000d5a80000, 0x0000000100000000)
  eden space 3072K, 99% used [0x00000000d5580000,0x00000000d587ff78,0x00000000d5880000)
  from space 1024K, 25% used [0x00000000d5880000,0x00000000d58c0000,0x00000000d5980000)
  to   space 512K, 0% used [0x00000000d5a00000,0x00000000d5a00000,0x00000000d5a80000)
 ParOldGen       total 408576K, used 408174K [0x0000000080000000, 0x0000000098f00000, 0x00000000d5580000)
  object space 408576K, 99% used [0x0000000080000000,0x0000000098e9bbe8,0x0000000098f00000)
 Metaspace       used 74369K, committed 75968K, reserved 1179648K
  class space    used 8357K, committed 9088K, reserved 1048576K
}

